2025-07-30 19:20:43 Loading main app package /usr/lib/obsidian/obsidian.asar
2025-07-30 19:20:43 Checking for update using Github
2025-07-30 19:20:43 Success.
2025-07-30 19:20:43 Latest version is 1.8.10
2025-07-30 19:20:43 App is up to date.
2025-07-30 19:23:05 Checking for update using Github
2025-07-30 19:23:05 Success.
2025-07-30 19:23:05 Latest version is 1.8.10
2025-07-30 19:23:05 App is up to date.
2025-07-30 19:36:32 Loading main app package /usr/lib/obsidian/obsidian.asar
2025-07-30 19:36:32 Checking for update using Github
2025-07-30 19:36:32 Success.
2025-07-30 19:36:32 Latest version is 1.8.10
2025-07-30 19:36:32 App is up to date.
2025-07-30 20:36:32 Checking for update using Github
2025-07-30 20:36:37 Success.
2025-07-30 20:36:37 Latest version is 1.8.10
2025-07-30 20:36:37 App is up to date.
2025-07-31 22:02:34 Checking for update using Github
2025-07-31 22:02:34 Success.
2025-07-31 22:02:34 Latest version is 1.8.10
2025-07-31 22:02:34 App is up to date.
2025-08-01 17:36:56 Checking for update using Github
2025-08-01 17:36:57 Success.
2025-08-01 17:36:57 Latest version is 1.8.10
2025-08-01 17:36:57 App is up to date.
2025-08-01 21:18:54 Checking for update using Github
2025-08-01 21:18:54 Success.
2025-08-01 21:18:54 Latest version is 1.8.10
2025-08-01 21:18:54 App is up to date.
2025-08-02 08:49:24 Checking for update using Github
2025-08-02 08:49:24 Success.
2025-08-02 08:49:24 Latest version is 1.8.10
2025-08-02 08:49:24 App is up to date.
2025-08-02 21:37:26 Checking for update using Github
2025-08-02 21:37:26 Success.
2025-08-02 21:37:26 Latest version is 1.8.10
2025-08-02 21:37:26 App is up to date.
2025-08-02 22:37:26 Checking for update using Github
2025-08-02 22:37:26 Success.
2025-08-02 22:37:26 Latest version is 1.8.10
2025-08-02 22:37:26 App is up to date.
2025-08-03 13:52:22 Loading main app package /usr/lib/obsidian/obsidian.asar
2025-08-03 13:52:22 Checking for update using Github
2025-08-03 13:52:22 Success.
2025-08-03 13:52:22 Latest version is 1.8.10
2025-08-03 13:52:22 App is up to date.
2025-08-03 14:52:22 Checking for update using Github
2025-08-03 14:52:22 Success.
2025-08-03 14:52:22 Latest version is 1.8.10
2025-08-03 14:52:22 App is up to date.
2025-08-03 15:52:22 Checking for update using Github
2025-08-03 15:52:22 Success.
2025-08-03 15:52:22 Latest version is 1.8.10
2025-08-03 15:52:22 App is up to date.
2025-08-03 16:52:22 Checking for update using Github
2025-08-03 16:52:22 Success.
2025-08-03 16:52:22 Latest version is 1.8.10
2025-08-03 16:52:22 App is up to date.
2025-08-03 20:10:07 Checking for update using Github
2025-08-03 20:10:07 Success.
2025-08-03 20:10:07 Latest version is 1.8.10
2025-08-03 20:10:07 App is up to date.
2025-08-03 21:10:07 Checking for update using Github
2025-08-03 21:10:07 Success.
2025-08-03 21:10:07 Latest version is 1.8.10
2025-08-03 21:10:07 App is up to date.
2025-08-03 22:10:07 Checking for update using Github
2025-08-03 22:10:07 Success.
2025-08-03 22:10:07 Latest version is 1.8.10
2025-08-03 22:10:07 App is up to date.
2025-08-04 17:07:55 Checking for update using Github
2025-08-04 17:07:55 Success.
2025-08-04 17:07:55 Latest version is 1.8.10
2025-08-04 17:07:55 App is up to date.
2025-08-04 18:32:56 Checking for update using Github
2025-08-04 18:32:56 Success.
2025-08-04 18:32:56 Latest version is 1.8.10
2025-08-04 18:32:56 App is up to date.
2025-08-04 21:22:36 Checking for update using Github
2025-08-04 21:22:36 Success.
2025-08-04 21:22:36 Latest version is 1.8.10
2025-08-04 21:22:36 App is up to date.
